<?xml version="1.0" encoding="UTF-8"?>
<!-- Generated by org.testng.reporters.JUnitReportReporter -->
<testsuite hostname="LAPTOP-8HVGFV97" failures="0" tests="2" name="Academy.HomePage" time="10.059" errors="0" timestamp="2022-02-21T18:26:35 IST" skipped="0">
  <testcase classname="Academy.HomePage" name="basePageNavigation" time="3.075"/>
  <system-out/>
  <testcase classname="Academy.HomePage" name="basePageNavigation" time="6.984"/>
  <system-out/>
</testsuite> <!-- Academy.HomePage -->
